[01:27:27] [ServerMain/INFO]: Building unoptimized datafixer
[01:27:28] [ServerMain/INFO]: Environment: authHost='https://authserver.mojang.com', accountsHost='https://api.mojang.com', sessionHost='https://sessionserver.mojang.com', servicesHost='https://api.minecraftservices.com', name='PROD'
[01:27:29] [ServerMain/INFO]: Loaded 7 recipes
[01:27:29] [ServerMain/INFO]: Loaded 1179 advancements
[01:27:30] [Server thread/INFO]: Starting minecraft server version 1.19
[01:27:30] [Server thread/INFO]: Loading properties
[01:27:30] [Server thread/INFO]: Default game type: SURVIVAL
[01:27:30] [Server thread/INFO]: Generating keypair
[01:27:30] [Server thread/INFO]: Starting Minecraft server on *:25565
[01:27:30] [Server thread/INFO]: Using default channel type
[01:27:30] [Server thread/INFO]: Preparing level "world"
[01:27:30] [Server thread/INFO]: Preparing start region for dimension minecraft:overworld
[01:27:32] [Worker-Main-5/INFO]: Preparing spawn area: 0%
[01:27:38] [Worker-Main-5/INFO]: Preparing spawn area: 0%
[01:27:38] [Worker-Main-10/INFO]: Preparing spawn area: 0%
[01:27:38] [Worker-Main-10/INFO]: Preparing spawn area: 0%
[01:27:38] [Worker-Main-10/INFO]: Preparing spawn area: 0%
[01:27:38] [Worker-Main-10/INFO]: Preparing spawn area: 0%
[01:27:38] [Worker-Main-10/INFO]: Preparing spawn area: 0%
[01:27:38] [Worker-Main-10/INFO]: Preparing spawn area: 0%
[01:27:38] [Worker-Main-10/INFO]: Preparing spawn area: 0%
[01:27:38] [Worker-Main-10/INFO]: Preparing spawn area: 0%
[01:27:38] [Worker-Main-10/INFO]: Preparing spawn area: 0%
[01:27:38] [Worker-Main-10/INFO]: Preparing spawn area: 0%
[01:27:38] [Worker-Main-14/INFO]: Preparing spawn area: 0%
[01:27:38] [Worker-Main-14/INFO]: Preparing spawn area: 0%
[01:27:38] [Worker-Main-10/INFO]: Preparing spawn area: 0%
[01:27:38] [Worker-Main-10/INFO]: Preparing spawn area: 0%
[01:27:38] [Worker-Main-14/INFO]: Preparing spawn area: 0%
[01:27:39] [Worker-Main-1/INFO]: Preparing spawn area: 17%
[01:27:39] [Worker-Main-1/INFO]: Preparing spawn area: 52%
[01:27:40] [Worker-Main-6/INFO]: Preparing spawn area: 83%
[01:27:40] [Server thread/INFO]: Time elapsed: 9956 ms
[01:27:40] [Server thread/INFO]: Done (10.089s)! For help, type "help"
[01:29:38] [User Authenticator #1/INFO]: UUID of player Kwaii_ID is 9138a525-631a-4c32-bfda-cc7786e2bcaf
[01:29:39] [Server thread/INFO]: Kwaii_ID[/127.0.0.1:50148] logged in with entity id 119 at (-403.75142708960874, 94.0, 358.85457144821964)
[01:29:39] [Server thread/INFO]: Kwaii_ID joined the game
[01:30:09] [Server thread/INFO]: Kwaii_ID was slain by Zombie
[01:32:21] [Server thread/INFO]: Kwaii_ID has made the advancement [Monster Hunter]
[01:32:53] [Server thread/INFO]: Kwaii_ID lost connection: Disconnected
[01:32:53] [Server thread/INFO]: Kwaii_ID left the game
